[debug] [2024-01-02T12:57:30.502Z] : 
[debug] [2024-01-02T12:57:30.503Z] : ----------------------------------------------------------------------
[debug] [2024-01-02T12:57:30.504Z] : Command:      C:\Program Files\nodejs\node.exe E:\server-WIP\server\node_modules\zcatalyst-cli\lib\bin\catalyst.js functions:shell
[debug] [2024-01-02T12:57:30.504Z] : CLI Version:  1.17.2
[debug] [2024-01-02T12:57:30.504Z] : Platform:     win32
[debug] [2024-01-02T12:57:30.504Z] : Node Version: v20.10.0
[debug] [2024-01-02T12:57:30.504Z] : Time:         Tue Jan 02 2024 18:27:30 GMT+0530 (India Standard Time)
[debug] [2024-01-02T12:57:30.504Z] : ----------------------------------------------------------------------
[debug] [2024-01-02T12:57:30.504Z] : 
[debug] [2024-01-02T12:57:30.942Z] : > authorizing via signed-in user option
[debug] [2024-01-02T12:57:30.942Z] : > command requires scopes: ["ZohoCatalyst.projects.ALL","ZohoCatalyst.functions.ALL","ZohoCatalyst.functions.EXECUTE"]
[debug] [2024-01-02T12:57:30.950Z] : >>>> HTTP REQUEST : GET https://api.catalyst.zoho.in/baas/v1/project/4348000000005015 

[debug] [2024-01-02T12:57:31.616Z] : <<<< HTTP RESPONSE : 200
Response Headers: {"server":"ZGS","date":"Tue, 02 Jan 2024 12:57:33 GMT","content-type":"application/vnd.catalyst.v2+json","transfer-encoding":"chunked","connection":"keep-alive","set-cookie":["3a750b85f1=7c58023b2365c117e2ff9b6feb09efa2; Path=/","ZD_CSRF_TOKEN=220b57eb-186c-45da-af1d-704d86b59c58;path=/;SameSite=None;Secure;priority=high","_zcsr_tmp=220b57eb-186c-45da-af1d-704d86b59c58;path=/;SameSite=Strict;Secure;priority=high"],"x-content-type-options":"nosniff","x-xss-protection":"1","cache-control":"private,no-cache,no-store,max-age=0,must-revalidate","pragma":"no-cache","expires":"Thu, 01 Jan 1970 00:00:00 GMT","x-frame-options":"DENY","strict-transport-security":"max-age=63072000"}

[debug] [2024-01-02T12:57:31.618Z] : >>>> HTTP REQUEST : GET https://api.catalyst.zoho.in/baas/v1/project/4348000000005015/environment 

[debug] [2024-01-02T12:57:31.747Z] : <<<< HTTP RESPONSE : 200
Response Headers: {"server":"ZGS","date":"Tue, 02 Jan 2024 12:57:33 GMT","content-type":"application/vnd.catalyst.v2+json","transfer-encoding":"chunked","connection":"keep-alive","set-cookie":["3a750b85f1=99131cfabfda186b4fe68a16fb8fedd6; Path=/","ZD_CSRF_TOKEN=94788c58-23d2-47d2-a0e8-96b09fa8b733;path=/;SameSite=None;Secure;priority=high","_zcsr_tmp=94788c58-23d2-47d2-a0e8-96b09fa8b733;path=/;SameSite=Strict;Secure;priority=high"],"x-content-type-options":"nosniff","x-xss-protection":"1","cache-control":"private,no-cache,no-store,max-age=0,must-revalidate","pragma":"no-cache","expires":"Thu, 01 Jan 1970 00:00:00 GMT","x-frame-options":"DENY","strict-transport-security":"max-age=63072000"}

[debug] [2024-01-02T12:57:31.833Z] : >>>> HTTP REQUEST : GET https://api.catalyst.zoho.in/baas/v1/project/4348000000005015/function 
Query params: {"type":"basicio,event,cron,applogic,integration,browser_logic"}

[debug] [2024-01-02T12:57:32.290Z] : <<<< HTTP RESPONSE : 200
Response Headers: {"server":"ZGS","date":"Tue, 02 Jan 2024 12:57:34 GMT","content-type":"application/vnd.catalyst.v2+json","transfer-encoding":"chunked","connection":"keep-alive","set-cookie":["3a750b85f1=7c58023b2365c117e2ff9b6feb09efa2; Path=/","ZD_CSRF_TOKEN=c8b36ad1-963d-46b2-82cc-18b106ef063f;path=/;SameSite=None;Secure;priority=high","_zcsr_tmp=c8b36ad1-963d-46b2-82cc-18b106ef063f;path=/;SameSite=Strict;Secure;priority=high"],"x-content-type-options":"nosniff","x-xss-protection":"1","cache-control":"private,no-cache,no-store,max-age=0,must-revalidate","pragma":"no-cache","expires":"Thu, 01 Jan 1970 00:00:00 GMT","x-frame-options":"DENY","strict-transport-security":"max-age=63072000"}

[debug] [2024-01-02T12:57:32.292Z] : unknown eol undefined hence skipping check
[info] [2024-01-02T12:57:46.010Z] : above sendmymail

[info] [2024-01-02T12:57:46.011Z] : entered senmymail
below sendmymail

[info] [2024-01-02T12:57:47.537Z] : Entered get

[info] [2024-01-02T12:57:47.538Z] : 02-01
entered foreach
after child snap
entered data validation
02-01
some person bday
abv thromail
entered thromail

[info] [2024-01-02T12:57:47.546Z] : blw thromail

[info] [2024-01-02T12:57:47.547Z] : mguru2020@gmail.com status
entered foreach
after child snap
entered data validation
02-01
some person bday
abv thromail
entered thromail
blw thromail
vtu13633@veltech.edu.in status
entered foreach
after child snap
entered data validation
02-01
some person bday
abv thromail
entered thromail
blw thromail
vtu15454@veltech.edu.in status

[info] [2024-01-02T12:59:17.422Z] : {
  isAsync: false,
  project_details: {
    project_name: 'Project-Rainfall',
    id: '4348000000005015',
    project_type: 'Live'
  },
  display_name: 'Guru',
  from_email: 'guruprasath.m@zohomail.in',
  to_email: 'vtu15454@veltech.edu.in',
  bcc: [ 'bdaymailer@googlegroups.com' ],
  html_mode: false,
  subject: 'Happy birthday!',
  content: "Hello,We're glad to welcome you at Zylker Corp. To begin your journey with us, please download the attached KYC form and fill in your details. You can send us the completed form to this same email address.We cannot wait to get started! Cheers! Team Zylker",
  reply_to: [ 'guruprasath.m@zohomail.in' ]
} success

[info] [2024-01-02T12:59:20.944Z] : {
  isAsync: false,
  project_details: {
    project_name: 'Project-Rainfall',
    id: '4348000000005015',
    project_type: 'Live'
  },
  display_name: 'Guru',
  from_email: 'guruprasath.m@zohomail.in',
  to_email: 'mguru2020@gmail.com',
  bcc: [ 'bdaymailer@googlegroups.com' ],
  html_mode: false,
  subject: 'Happy birthday!',
  content: "Hello,We're glad to welcome you at Zylker Corp. To begin your journey with us, please download the attached KYC form and fill in your details. You can send us the completed form to this same email address.We cannot wait to get started! Cheers! Team Zylker",
  reply_to: [ 'guruprasath.m@zohomail.in' ]
} success

[info] [2024-01-02T12:59:23.519Z] : {
  isAsync: false,
  project_details: {
    project_name: 'Project-Rainfall',
    id: '4348000000005015',
    project_type: 'Live'
  },
  display_name: 'Guru',
  from_email: 'guruprasath.m@zohomail.in',
  to_email: 'vtu13633@veltech.edu.in',
  bcc: [ 'bdaymailer@googlegroups.com' ],
  html_mode: false,
  subject: 'Happy birthday!',
  content: "Hello,We're glad to welcome you at Zylker Corp. To begin your journey with us, please download the attached KYC form and fill in your details. You can send us the completed form to this same email address.We cannot wait to get started! Cheers! Team Zylker",
  reply_to: [ 'guruprasath.m@zohomail.in' ]
} success

[info] [2024-01-02T12:59:52.987Z] : above sendmymail

[info] [2024-01-02T12:59:52.988Z] : entered senmymail

[info] [2024-01-02T12:59:52.988Z] : below sendmymail

[info] [2024-01-02T12:59:54.855Z] : Entered get

[info] [2024-01-02T12:59:54.856Z] : 02-01
entered foreach
after child snap
entered data validation
02-01
some person bday
abv thromail
entered thromail

[info] [2024-01-02T13:00:10.908Z] : blw thromail

[info] [2024-01-02T13:00:10.909Z] : mguru2020@gmail.com status

[info] [2024-01-02T13:00:10.910Z] : D:\zcatalyst-enable\node_modules\.bin\functions\bdaycli\index.js:86
					mailPromise.then((m)=>{console.log(m, "success");}).catch((e)=>{console.log(e, "errorpromise")})
					            ^

TypeError: mailPromise.then is not a function
    at D:\zcatalyst-enable\node_modules\.bin\functions\bdaycli\index.js:86:18
    at process.processTicksAndRejections (node:internal/process/task_queues:95:5)

Node.js v20.10.0
[info] [2024-01-02T13:00:10.916Z] : [cli] Function execution complete
[info] [2024-01-02T13:00:10.916Z] : 
[info] [2024-01-02T13:00:10.918Z] : [status]
[info] [2024-01-02T13:00:10.918Z] : 
[debug] [2024-01-02T13:01:23.710Z] : 
[debug] [2024-01-02T13:01:23.711Z] : ----------------------------------------------------------------------
[debug] [2024-01-02T13:01:23.711Z] : Command:      C:\Program Files\nodejs\node.exe E:\server-WIP\server\node_modules\zcatalyst-cli\lib\bin\catalyst.js functions:shell
[debug] [2024-01-02T13:01:23.711Z] : CLI Version:  1.17.2
[debug] [2024-01-02T13:01:23.711Z] : Platform:     win32
[debug] [2024-01-02T13:01:23.711Z] : Node Version: v20.10.0
[debug] [2024-01-02T13:01:23.712Z] : Time:         Tue Jan 02 2024 18:31:23 GMT+0530 (India Standard Time)
[debug] [2024-01-02T13:01:23.712Z] : ----------------------------------------------------------------------
[debug] [2024-01-02T13:01:23.712Z] : 
[debug] [2024-01-02T13:01:24.152Z] : > authorizing via signed-in user option
[debug] [2024-01-02T13:01:24.152Z] : > command requires scopes: ["ZohoCatalyst.projects.ALL","ZohoCatalyst.functions.ALL","ZohoCatalyst.functions.EXECUTE"]
[debug] [2024-01-02T13:01:24.160Z] : >>>> HTTP REQUEST : GET https://api.catalyst.zoho.in/baas/v1/project/4348000000005015 

[debug] [2024-01-02T13:01:24.532Z] : <<<< HTTP RESPONSE : 200
Response Headers: {"server":"ZGS","date":"Tue, 02 Jan 2024 13:01:26 GMT","content-type":"application/vnd.catalyst.v2+json","transfer-encoding":"chunked","connection":"keep-alive","set-cookie":["3a750b85f1=99131cfabfda186b4fe68a16fb8fedd6; Path=/","ZD_CSRF_TOKEN=63117547-565a-4818-8686-fb2012f18f07;path=/;SameSite=None;Secure;priority=high","_zcsr_tmp=63117547-565a-4818-8686-fb2012f18f07;path=/;SameSite=Strict;Secure;priority=high"],"x-content-type-options":"nosniff","x-xss-protection":"1","cache-control":"private,no-cache,no-store,max-age=0,must-revalidate","pragma":"no-cache","expires":"Thu, 01 Jan 1970 00:00:00 GMT","x-frame-options":"DENY","strict-transport-security":"max-age=63072000"}

[debug] [2024-01-02T13:01:24.534Z] : >>>> HTTP REQUEST : GET https://api.catalyst.zoho.in/baas/v1/project/4348000000005015/environment 

[debug] [2024-01-02T13:01:24.633Z] : <<<< HTTP RESPONSE : 200
Response Headers: {"server":"ZGS","date":"Tue, 02 Jan 2024 13:01:26 GMT","content-type":"application/vnd.catalyst.v2+json","transfer-encoding":"chunked","connection":"keep-alive","set-cookie":["3a750b85f1=7c58023b2365c117e2ff9b6feb09efa2; Path=/","ZD_CSRF_TOKEN=9f1fa402-c0dc-4315-921d-446e9cdc5022;path=/;SameSite=None;Secure;priority=high","_zcsr_tmp=9f1fa402-c0dc-4315-921d-446e9cdc5022;path=/;SameSite=Strict;Secure;priority=high"],"x-content-type-options":"nosniff","x-xss-protection":"1","cache-control":"private,no-cache,no-store,max-age=0,must-revalidate","pragma":"no-cache","expires":"Thu, 01 Jan 1970 00:00:00 GMT","x-frame-options":"DENY","strict-transport-security":"max-age=63072000"}

[debug] [2024-01-02T13:01:24.721Z] : >>>> HTTP REQUEST : GET https://api.catalyst.zoho.in/baas/v1/project/4348000000005015/function 
Query params: {"type":"basicio,event,cron,applogic,integration,browser_logic"}

[debug] [2024-01-02T13:01:24.854Z] : <<<< HTTP RESPONSE : 200
Response Headers: {"server":"ZGS","date":"Tue, 02 Jan 2024 13:01:26 GMT","content-type":"application/vnd.catalyst.v2+json","transfer-encoding":"chunked","connection":"keep-alive","set-cookie":["3a750b85f1=99131cfabfda186b4fe68a16fb8fedd6; Path=/","ZD_CSRF_TOKEN=933e8592-f5ba-4fea-9cbf-98b7a1a3d98c;path=/;SameSite=None;Secure;priority=high","_zcsr_tmp=933e8592-f5ba-4fea-9cbf-98b7a1a3d98c;path=/;SameSite=Strict;Secure;priority=high"],"x-content-type-options":"nosniff","x-xss-protection":"1","cache-control":"private,no-cache,no-store,max-age=0,must-revalidate","pragma":"no-cache","expires":"Thu, 01 Jan 1970 00:00:00 GMT","x-frame-options":"DENY","strict-transport-security":"max-age=63072000"}

[debug] [2024-01-02T13:01:24.856Z] : unknown eol undefined hence skipping check
[error] [2024-01-02T13:01:26.833Z] : ✖ An unexpected error has occurred.
[debug] [2024-01-02T13:01:26.833Z] : Error Stack: CatalystError: An unexpected error has occurred.
    at exports.default (E:\server-WIP\server\node_modules\zcatalyst-cli\lib\errorOut.js:19:17)
    at Command.<anonymous> (E:\server-WIP\server\node_modules\zcatalyst-cli\lib\internal\command.js:161:40)
    at Generator.throw (<anonymous>)
    at rejected (E:\server-WIP\server\node_modules\zcatalyst-cli\lib\internal\command.js:29:65)
[debug] [2024-01-02T13:01:26.833Z] : Original Error: Error: EPERM: operation not permitted, copyfile 'D:\zcatalyst-enable\node_modules\.bin\functions\bdaycli\node_modules\@grpc\grpc-js\src\generated\google\protobuf\Any.ts' -> 'D:\zcatalyst-enable\node_modules\.bin\.build\functions\bdaycli\node_modules\@grpc\grpc-js\src\generated\google\protobuf\Any.ts'
[debug] [2024-01-02T13:01:26.833Z] : Error Status: 500
[info] [2024-01-02T13:01:26.833Z] : Kindly contact Catalyst support [support@zohocatalyst.com] if you need any further assistance
[debug] [2024-01-02T13:01:26.834Z] : EXEC ENDED with event: Error (Unexpected), message: EPERM: operation not permitted, copyfile 'D:\zcatalyst-enable\node_modules\.bin\functions\bdaycli\node_modules\@grpc\grpc-js\src\generated\google\protobuf\Any.ts' -> 'D:\zcatalyst-enable\node_modules\.bin\.build\functions\bdaycli\node_modules\@grpc\grpc-js\src\generated\google\protobuf\Any.ts'
[debug] [2024-01-02T13:01:26.834Z] : TOTAL DURATION OF COMMAND EXEC : 2686
[debug] [2024-01-02T13:01:26.840Z] : >>>> HTTP REQUEST : POST https://api.catalyst.zoho.in/baas/v1/cli/logs 
<request body omitted>

